<?xml version="1.0" encoding="UTF-8"?>
<testsuite name="com.dsa.datastructures.SinglyLinkedListTest" tests="24" skipped="0" failures="0" errors="0" timestamp="2025-06-23T03:43:19.716Z" hostname="MacBookAir.lan" time="0.04">
  <properties/>
  <testcase name="testGenericType_WorksWithStrings()" classname="com.dsa.datastructures.SinglyLinkedListTest" time="0.002"/>
  <testcase name="testContains_ElementExists_ReturnsTrue()" classname="com.dsa.datastructures.SinglyLinkedListTest" time="0.0"/>
  <testcase name="testRemoveLast_SingleElement_ReturnsElementAndEmptiesList()" classname="com.dsa.datastructures.SinglyLinkedListTest" time="0.001"/>
  <testcase name="testGet_ValidIndices_ReturnsCorrectElements()" classname="com.dsa.datastructures.SinglyLinkedListTest" time="0.0"/>
  <testcase name="testRemoveFirst_SingleElement_ReturnsElementAndEmptiesList()" classname="com.dsa.datastructures.SinglyLinkedListTest" time="0.0"/>
  <testcase name="testContains_EmptyList_ReturnsFalse()" classname="com.dsa.datastructures.SinglyLinkedListTest" time="0.0"/>
  <testcase name="testAlternatingAddRemove_MaintainsCorrectState()" classname="com.dsa.datastructures.SinglyLinkedListTest" time="0.0"/>
  <testcase name="testRemoveLast_MultipleElements_RemovesFromEnd()" classname="com.dsa.datastructures.SinglyLinkedListTest" time="0.002"/>
  <testcase name="testRemoveFirst_MultipleElements_RemovesFromBeginning()" classname="com.dsa.datastructures.SinglyLinkedListTest" time="0.002"/>
  <testcase name="testAddLast_MultipleElements_AddsToEnd()" classname="com.dsa.datastructures.SinglyLinkedListTest" time="0.001"/>
  <testcase name="testAddLast_SingleElement_SizeIncreases()" classname="com.dsa.datastructures.SinglyLinkedListTest" time="0.0"/>
  <testcase name="testAddFirst_MultipleElements_AddsToBeginning()" classname="com.dsa.datastructures.SinglyLinkedListTest" time="0.0"/>
  <testcase name="testGet_InvalidIndex_ThrowsException()" classname="com.dsa.datastructures.SinglyLinkedListTest" time="0.005"/>
  <testcase name="testRemoveLast_EmptyList_ThrowsException()" classname="com.dsa.datastructures.SinglyLinkedListTest" time="0.001"/>
  <testcase name="testAddFirst_SingleElement_SizeIncreases()" classname="com.dsa.datastructures.SinglyLinkedListTest" time="0.0"/>
  <testcase name="testGet_EmptyList_ThrowsException()" classname="com.dsa.datastructures.SinglyLinkedListTest" time="0.001"/>
  <testcase name="testContains_ElementNotExists_ReturnsFalse()" classname="com.dsa.datastructures.SinglyLinkedListTest" time="0.001"/>
  <testcase name="testNewList_IsEmpty()" classname="com.dsa.datastructures.SinglyLinkedListTest" time="0.0"/>
  <testcase name="testRemoveAllElements_LeaveEmptyList()" classname="com.dsa.datastructures.SinglyLinkedListTest" time="0.001"/>
  <testcase name="testLargeNumberOfElements_HandlesCorrectly()" classname="com.dsa.datastructures.SinglyLinkedListTest" time="0.003"/>
  <testcase name="testMixedAddOperations_WorkCorrectly()" classname="com.dsa.datastructures.SinglyLinkedListTest" time="0.0"/>
  <testcase name="testContains_WithNullValues_WorksCorrectly()" classname="com.dsa.datastructures.SinglyLinkedListTest" time="0.0"/>
  <testcase name="testRemoveFirst_EmptyList_ThrowsException()" classname="com.dsa.datastructures.SinglyLinkedListTest" time="0.002"/>
  <testcase name="testSequentialOperations_WorkCorrectly()" classname="com.dsa.datastructures.SinglyLinkedListTest" time="0.0"/>
  <system-out><![CDATA[]]></system-out>
  <system-err><![CDATA[]]></system-err>
</testsuite>
