<?xml version="1.0" encoding="UTF-8"?>
<testsuite name="com.dsa.algorithms.sorting.InsertionSortTest" tests="13" skipped="0" failures="0" errors="0" timestamp="2025-06-23T03:43:19.348Z" hostname="MacBookAir.lan" time="0.011">
  <properties/>
  <testcase name="testInsertionSort_SingleElement_NoChange()" classname="com.dsa.algorithms.sorting.InsertionSortTest" time="0.003"/>
  <testcase name="testInsertionSort_WithNegativeNumbers_HandlesCorrectly()" classname="com.dsa.algorithms.sorting.InsertionSortTest" time="0.0"/>
  <testcase name="testInsertionSort_NullArray_NoException()" classname="com.dsa.algorithms.sorting.InsertionSortTest" time="0.001"/>
  <testcase name="testInsertionSort_WithDuplicates_HandlesCorrectly()" classname="com.dsa.algorithms.sorting.InsertionSortTest" time="0.001"/>
  <testcase name="testInsertionSort_AlreadySorted_HandlesCorrectly()" classname="com.dsa.algorithms.sorting.InsertionSortTest" time="0.0"/>
  <testcase name="testInsertionSort_TwoElements_SortsCorrectly()" classname="com.dsa.algorithms.sorting.InsertionSortTest" time="0.0"/>
  <testcase name="testInsertionSort_EmptyArray_NoChange()" classname="com.dsa.algorithms.sorting.InsertionSortTest" time="0.0"/>
  <testcase name="testInsertionSort_Nearlysorted_Efficient()" classname="com.dsa.algorithms.sorting.InsertionSortTest" time="0.001"/>
  <testcase name="testInsertionSort_AllSameElements_HandlesCorrectly()" classname="com.dsa.algorithms.sorting.InsertionSortTest" time="0.0"/>
  <testcase name="testInsertionSort_ExtremeValues_HandlesCorrectly()" classname="com.dsa.algorithms.sorting.InsertionSortTest" time="0.0"/>
  <testcase name="testInsertionSort_InsertsCorrectly()" classname="com.dsa.algorithms.sorting.InsertionSortTest" time="0.0"/>
  <testcase name="testInsertionSort_ReverseSorted_SortsCorrectly()" classname="com.dsa.algorithms.sorting.InsertionSortTest" time="0.0"/>
  <testcase name="testInsertionSort_RandomOrder_SortsCorrectly()" classname="com.dsa.algorithms.sorting.InsertionSortTest" time="0.0"/>
  <system-out><![CDATA[]]></system-out>
  <system-err><![CDATA[]]></system-err>
</testsuite>
