<?xml version="1.0" encoding="UTF-8"?>
<testsuite name="com.dsa.datastructures.StackTest" tests="18" skipped="0" failures="0" errors="0" timestamp="2025-06-23T03:43:19.776Z" hostname="MacBookAir.lan" time="0.025">
  <properties/>
  <testcase name="testPop_SingleElement_ReturnsElementAndDecreasesSize()" classname="com.dsa.datastructures.StackTest" time="0.001"/>
  <testcase name="testDynamicResizing_HandlesLargeNumberOfElements()" classname="com.dsa.datastructures.StackTest" time="0.0"/>
  <testcase name="testGenericType_WorksWithStrings()" classname="com.dsa.datastructures.StackTest" time="0.0"/>
  <testcase name="testPush_MultipleElements_SizeIncreases()" classname="com.dsa.datastructures.StackTest" time="0.0"/>
  <testcase name="testStackAfterManyResizes_WorksCorrectly()" classname="com.dsa.datastructures.StackTest" time="0.001"/>
  <testcase name="testPop_MultipleElements_ReturnsInLIFOOrder()" classname="com.dsa.datastructures.StackTest" time="0.0"/>
  <testcase name="testPeek_MultipleElements_ReturnsTopElement()" classname="com.dsa.datastructures.StackTest" time="0.0"/>
  <testcase name="testPopAfterPushMany_MaintainsOrder()" classname="com.dsa.datastructures.StackTest" time="0.001"/>
  <testcase name="testGenericType_WorksWithNullValues()" classname="com.dsa.datastructures.StackTest" time="0.0"/>
  <testcase name="testStackWithMaxIntegerValues_HandlesCorrectly()" classname="com.dsa.datastructures.StackTest" time="0.001"/>
  <testcase name="testPop_EmptyStack_ThrowsException()" classname="com.dsa.datastructures.StackTest" time="0.0"/>
  <testcase name="testAlternatingPushPop_StressTest()" classname="com.dsa.datastructures.StackTest" time="0.0"/>
  <testcase name="testPeek_SingleElement_ReturnsElement()" classname="com.dsa.datastructures.StackTest" time="0.0"/>
  <testcase name="testPeek_EmptyStack_ThrowsException()" classname="com.dsa.datastructures.StackTest" time="0.003"/>
  <testcase name="testNewStack_IsEmpty()" classname="com.dsa.datastructures.StackTest" time="0.002"/>
  <testcase name="testLIFOBehavior_PushAndPop()" classname="com.dsa.datastructures.StackTest" time="0.004"/>
  <testcase name="testPush_SingleElement_SizeIncreases()" classname="com.dsa.datastructures.StackTest" time="0.001"/>
  <testcase name="testMixedOperations_WorkCorrectly()" classname="com.dsa.datastructures.StackTest" time="0.001"/>
  <system-out><![CDATA[]]></system-out>
  <system-err><![CDATA[]]></system-err>
</testsuite>
