<?xml version="1.0" encoding="UTF-8"?>
<testsuite name="com.dsa.algorithms.dp.FibonacciTabulationTest" tests="12" skipped="0" failures="0" errors="0" timestamp="2025-06-23T03:43:19.088Z" hostname="MacBookAir.lan" time="0.042">
  <properties/>
  <testcase name="testFibonacciWithTabulation_SmallNumbers_CorrectValues()" classname="com.dsa.algorithms.dp.FibonacciTabulationTest" time="0.005"/>
  <testcase name="testFibonacciWithTabulation_LargerNumbers_WorksEfficiently()" classname="com.dsa.algorithms.dp.FibonacciTabulationTest" time="0.0"/>
  <testcase name="testFibonacciWithTabulation_BaseCase_Zero()" classname="com.dsa.algorithms.dp.FibonacciTabulationTest" time="0.0"/>
  <testcase name="testFibonacciWithTabulation_ConsistentResults_MultipleCallsSameInput()" classname="com.dsa.algorithms.dp.FibonacciTabulationTest" time="0.0"/>
  <testcase name="testFibonacciWithTabulation_BaseCase_One()" classname="com.dsa.algorithms.dp.FibonacciTabulationTest" time="0.003"/>
  <testcase name="testFibonacciWithTabulation_MemoryEfficient_ConstantSpace()" classname="com.dsa.algorithms.dp.FibonacciTabulationTest" time="0.001"/>
  <testcase name="testFibonacciWithTabulation_VeryLargeNumbers_Performance()" classname="com.dsa.algorithms.dp.FibonacciTabulationTest" time="0.0"/>
  <testcase name="testFibonacciWithTabulation_FirstTwentyNumbers_CorrectSequence()" classname="com.dsa.algorithms.dp.FibonacciTabulationTest" time="0.001"/>
  <testcase name="testFibonacciWithTabulation_Performance_FastExecution()" classname="com.dsa.algorithms.dp.FibonacciTabulationTest" time="0.0"/>
  <testcase name="testFibonacciWithTabulation_EdgeCase_LargeInputDoesNotOverflow()" classname="com.dsa.algorithms.dp.FibonacciTabulationTest" time="0.014"/>
  <testcase name="testFibonacciWithTabulation_NegativeInput_ThrowsException()" classname="com.dsa.algorithms.dp.FibonacciTabulationTest" time="0.001"/>
  <testcase name="testFibonacciWithTabulation_SequenceProperty_CorrectFormula()" classname="com.dsa.algorithms.dp.FibonacciTabulationTest" time="0.003"/>
  <system-out><![CDATA[]]></system-out>
  <system-err><![CDATA[]]></system-err>
</testsuite>
