<?xml version="1.0" encoding="UTF-8"?>
<testsuite name="com.dsa.algorithms.sorting.QuickSortTest" tests="12" skipped="0" failures="0" errors="0" timestamp="2025-06-23T03:43:19.393Z" hostname="MacBookAir.lan" time="0.031">
  <properties/>
  <testcase name="testQuickSort_EmptyArray_NoChange()" classname="com.dsa.algorithms.sorting.QuickSortTest" time="0.002"/>
  <testcase name="testQuickSort_TwoElements_SortsCorrectly()" classname="com.dsa.algorithms.sorting.QuickSortTest" time="0.001"/>
  <testcase name="testQuickSort_AllSameElements_HandlesCorrectly()" classname="com.dsa.algorithms.sorting.QuickSortTest" time="0.0"/>
  <testcase name="testQuickSort_ReverseSorted_SortsCorrectly()" classname="com.dsa.algorithms.sorting.QuickSortTest" time="0.001"/>
  <testcase name="testQuickSort_AlreadySorted_HandlesCorrectly()" classname="com.dsa.algorithms.sorting.QuickSortTest" time="0.001"/>
  <testcase name="testQuickSort_NullArray_NoException()" classname="com.dsa.algorithms.sorting.QuickSortTest" time="0.001"/>
  <testcase name="testQuickSort_SingleElement_NoChange()" classname="com.dsa.algorithms.sorting.QuickSortTest" time="0.001"/>
  <testcase name="testQuickSort_WithNegativeNumbers_HandlesCorrectly()" classname="com.dsa.algorithms.sorting.QuickSortTest" time="0.0"/>
  <testcase name="testQuickSort_RandomOrder_SortsCorrectly()" classname="com.dsa.algorithms.sorting.QuickSortTest" time="0.0"/>
  <testcase name="testQuickSort_WithDuplicates_HandlesCorrectly()" classname="com.dsa.algorithms.sorting.QuickSortTest" time="0.0"/>
  <testcase name="testQuickSort_ExtremeValues_HandlesCorrectly()" classname="com.dsa.algorithms.sorting.QuickSortTest" time="0.003"/>
  <testcase name="testQuickSort_LargeArray_HandlesCorrectly()" classname="com.dsa.algorithms.sorting.QuickSortTest" time="0.008"/>
  <system-out><![CDATA[]]></system-out>
  <system-err><![CDATA[]]></system-err>
</testsuite>
