<?xml version="1.0" encoding="UTF-8"?>
<testsuite name="com.dsa.datastructures.GraphTest" tests="24" skipped="0" failures="0" errors="0" timestamp="2025-06-23T03:43:19.482Z" hostname="MacBookAir.lan" time="0.081">
  <properties/>
  <testcase name="testComplexGraph_UndirectedConnections()" classname="com.dsa.datastructures.GraphTest" time="0.002"/>
  <testcase name="testRemoveEdge_UndirectedGraph_RemovesBothDirections()" classname="com.dsa.datastructures.GraphTest" time="0.0"/>
  <testcase name="testNewGraph_IsEmpty()" classname="com.dsa.datastructures.GraphTest" time="0.008"/>
  <testcase name="testGetNeighbors_VertexWithNoEdges_ReturnsEmptyList()" classname="com.dsa.datastructures.GraphTest" time="0.002"/>
  <testcase name="testGraphWithManyVertices_HandlesCorrectly()" classname="com.dsa.datastructures.GraphTest" time="0.006"/>
  <testcase name="testDirectedGraphAsymmetry_WorksCorrectly()" classname="com.dsa.datastructures.GraphTest" time="0.0"/>
  <testcase name="testAddVertex_SingleVertex_IncrementsCount()" classname="com.dsa.datastructures.GraphTest" time="0.0"/>
  <testcase name="testHasEdge_NonExistentVertices_ReturnsFalse()" classname="com.dsa.datastructures.GraphTest" time="0.0"/>
  <testcase name="testComplexGraph_DirectedConnections()" classname="com.dsa.datastructures.GraphTest" time="0.0"/>
  <testcase name="testRemoveVertex_NonExistentVertex_NoChange()" classname="com.dsa.datastructures.GraphTest" time="0.001"/>
  <testcase name="testGetVertices_ReturnsAllVertices()" classname="com.dsa.datastructures.GraphTest" time="0.001"/>
  <testcase name="testAddEdge_UndirectedGraph_CreatesBidirectionalEdge()" classname="com.dsa.datastructures.GraphTest" time="0.002"/>
  <testcase name="testSelfLoop_WorksCorrectly()" classname="com.dsa.datastructures.GraphTest" time="0.003"/>
  <testcase name="testMultipleEdgesToSameVertex_WorksCorrectly()" classname="com.dsa.datastructures.GraphTest" time="0.002"/>
  <testcase name="testRemoveEdge_DirectedGraph_RemovesOnlySpecifiedDirection()" classname="com.dsa.datastructures.GraphTest" time="0.003"/>
  <testcase name="testRemoveEdge_NonExistentEdge_NoChange()" classname="com.dsa.datastructures.GraphTest" time="0.002"/>
  <testcase name="testCompleteGraph_HandlesCorrectly()" classname="com.dsa.datastructures.GraphTest" time="0.0"/>
  <testcase name="testAddVertex_DuplicateVertex_NoIncrease()" classname="com.dsa.datastructures.GraphTest" time="0.0"/>
  <testcase name="testRemoveVertex_RemovesVertexAndAllEdges()" classname="com.dsa.datastructures.GraphTest" time="0.004"/>
  <testcase name="testGraphWithDuplicateEdges_HandlesCorrectly()" classname="com.dsa.datastructures.GraphTest" time="0.005"/>
  <testcase name="testGenericType_WorksWithIntegers()" classname="com.dsa.datastructures.GraphTest" time="0.001"/>
  <testcase name="testEmptyStringVertices_WorksCorrectly()" classname="com.dsa.datastructures.GraphTest" time="0.001"/>
  <testcase name="testAddEdge_DirectedGraph_CreatesUnidirectionalEdge()" classname="com.dsa.datastructures.GraphTest" time="0.002"/>
  <testcase name="testGetNeighbors_NonExistentVertex_ReturnsEmptyList()" classname="com.dsa.datastructures.GraphTest" time="0.003"/>
  <system-out><![CDATA[]]></system-out>
  <system-err><![CDATA[]]></system-err>
</testsuite>
