<?xml version="1.0" encoding="UTF-8"?>
<testsuite name="com.dsa.datastructures.QueueTest" tests="17" skipped="0" failures="0" errors="0" timestamp="2025-06-23T03:43:19.662Z" hostname="MacBookAir.lan" time="0.046">
  <properties/>
  <testcase name="testResizeAfterManyOperations_WorksCorrectly()" classname="com.dsa.datastructures.QueueTest" time="0.0"/>
  <testcase name="testDynamicResizing_HandlesLargeNumberOfElements()" classname="com.dsa.datastructures.QueueTest" time="0.0"/>
  <testcase name="testCircularBehavior_HandlesWraparound()" classname="com.dsa.datastructures.QueueTest" time="0.0"/>
  <testcase name="testGenericType_WorksWithStrings()" classname="com.dsa.datastructures.QueueTest" time="0.0"/>
  <testcase name="testDequeue_MultipleElements_ReturnsInFIFOOrder()" classname="com.dsa.datastructures.QueueTest" time="0.0"/>
  <testcase name="testPeek_MultipleElements_ReturnsFrontElement()" classname="com.dsa.datastructures.QueueTest" time="0.0"/>
  <testcase name="testFIFOBehavior_EnqueueAndDequeue()" classname="com.dsa.datastructures.QueueTest" time="0.001"/>
  <testcase name="testDequeue_EmptyQueue_ThrowsException()" classname="com.dsa.datastructures.QueueTest" time="0.001"/>
  <testcase name="testAlternatingOperations_MaintainsCorrectOrder()" classname="com.dsa.datastructures.QueueTest" time="0.0"/>
  <testcase name="testGenericType_WorksWithNullValues()" classname="com.dsa.datastructures.QueueTest" time="0.0"/>
  <testcase name="testEnqueue_SingleElement_SizeIncreases()" classname="com.dsa.datastructures.QueueTest" time="0.0"/>
  <testcase name="testEnqueue_MultipleElements_SizeIncreases()" classname="com.dsa.datastructures.QueueTest" time="0.001"/>
  <testcase name="testDequeue_SingleElement_ReturnsElementAndDecreasesSize()" classname="com.dsa.datastructures.QueueTest" time="0.01"/>
  <testcase name="testPeek_EmptyQueue_ThrowsException()" classname="com.dsa.datastructures.QueueTest" time="0.007"/>
  <testcase name="testPeek_SingleElement_ReturnsElement()" classname="com.dsa.datastructures.QueueTest" time="0.002"/>
  <testcase name="testNewQueue_IsEmpty()" classname="com.dsa.datastructures.QueueTest" time="0.001"/>
  <testcase name="testMixedOperations_WorkCorrectly()" classname="com.dsa.datastructures.QueueTest" time="0.0"/>
  <system-out><![CDATA[]]></system-out>
  <system-err><![CDATA[]]></system-err>
</testsuite>
